Build started 11/28/2016 9:50:51 PM.
     1>Project "C:\Users\administrator\Documents\GitHub\VVVVVV\VVVVVV\VVVVVV.vcxproj" on node 2 (Build target(s)).
     1>ClCompile:
         C:\Program Files (x86)\Microsoft Visual Studio 12.0\VC\bin\CL.exe /c /I"C:\SFML-2.2\include" /ZI /nologo /W3 /WX- /sdl /Od /Oy- /D SFML_STATIC /D WIN32 /D _DEBUG /D _CONSOLE /D _LIB /D _UNICODE /D UNICODE /Gm /EHsc /RTC1 /MDd /GS /fp:precise /Zc:wchar_t /Zc:forScope /Yc"stdafx.h" /Fp"Debug\VVVVVV.pch" /Fo"Debug\\" /Fd"Debug\vc120.pdb" /Gd /TP /analyze- /errorReport:prompt stdafx.cpp
         stdafx.cpp
         C:\Program Files (x86)\Microsoft Visual Studio 12.0\VC\bin\CL.exe /c /I"C:\SFML-2.2\include" /ZI /nologo /W3 /WX- /sdl /Od /Oy- /D SFML_STATIC /D WIN32 /D _DEBUG /D _CONSOLE /D _LIB /D _UNICODE /D UNICODE /Gm /EHsc /RTC1 /MDd /GS /fp:precise /Zc:wchar_t /Zc:forScope /Yu"stdafx.h" /Fp"Debug\VVVVVV.pch" /Fo"Debug\\" /Fd"Debug\vc120.pdb" /Gd /TP /analyze- /errorReport:prompt Block.cpp Character.cpp Check.cpp Disc.cpp Game.cpp Level.cpp Object.cpp Spike.cpp Terminal.cpp VVVVVV.cpp
         VVVVVV.cpp
     1>c:\users\administrator\documents\github\vvvvvv\vvvvvv\vvvvvv.cpp(43): warning C4244: 'argument' : conversion from 'unsigned int' to 'float', possible loss of data
     1>c:\users\administrator\documents\github\vvvvvv\vvvvvv\vvvvvv.cpp(44): warning C4244: 'argument' : conversion from 'unsigned int' to 'float', possible loss of data
     1>c:\users\administrator\documents\github\vvvvvv\vvvvvv\vvvvvv.cpp(24): warning C4101: 'yTemp' : unreferenced local variable
     1>c:\users\administrator\documents\github\vvvvvv\vvvvvv\vvvvvv.cpp(24): warning C4101: 'xTemp' : unreferenced local variable
         Terminal.cpp
     1>c:\users\administrator\documents\github\vvvvvv\vvvvvv\terminal.cpp(43): warning C4244: 'argument' : conversion from 'unsigned int' to 'float', possible loss of data
     1>c:\users\administrator\documents\github\vvvvvv\vvvvvv\terminal.cpp(49): warning C4244: 'argument' : conversion from 'unsigned int' to 'float', possible loss of data
         Spike.cpp
         Object.cpp
         Level.cpp
     1>c:\users\administrator\documents\github\vvvvvv\vvvvvv\level.cpp(60): warning C4244: 'argument' : conversion from 'unsigned int' to 'float', possible loss of data
     1>c:\users\administrator\documents\github\vvvvvv\vvvvvv\level.cpp(64): warning C4244: 'argument' : conversion from 'unsigned int' to 'float', possible loss of data
     1>c:\users\administrator\documents\github\vvvvvv\vvvvvv\level.cpp(66): warning C4244: 'argument' : conversion from 'int' to 'float', possible loss of data
     1>c:\users\administrator\documents\github\vvvvvv\vvvvvv\level.cpp(68): warning C4244: 'argument' : conversion from 'int' to 'float', possible loss of data
     1>c:\users\administrator\documents\github\vvvvvv\vvvvvv\level.cpp(70): warning C4244: 'argument' : conversion from 'int' to 'float', possible loss of data
     1>c:\users\administrator\documents\github\vvvvvv\vvvvvv\level.cpp(72): warning C4244: 'argument' : conversion from 'int' to 'float', possible loss of data
     1>c:\users\administrator\documents\github\vvvvvv\vvvvvv\level.cpp(74): warning C4244: 'argument' : conversion from 'int' to 'float', possible loss of data
     1>c:\users\administrator\documents\github\vvvvvv\vvvvvv\level.cpp(76): warning C4244: 'argument' : conversion from 'int' to 'float', possible loss of data
     1>c:\users\administrator\documents\github\vvvvvv\vvvvvv\level.cpp(78): warning C4244: 'argument' : conversion from 'int' to 'float', possible loss of data
     1>c:\users\administrator\documents\github\vvvvvv\vvvvvv\level.cpp(80): warning C4244: 'argument' : conversion from 'int' to 'float', possible loss of data
     1>c:\users\administrator\documents\github\vvvvvv\vvvvvv\level.cpp(82): warning C4244: 'argument' : conversion from 'int' to 'float', possible loss of data
     1>c:\users\administrator\documents\github\vvvvvv\vvvvvv\level.cpp(84): warning C4244: 'argument' : conversion from 'int' to 'float', possible loss of data
     1>c:\users\administrator\documents\github\vvvvvv\vvvvvv\level.cpp(86): warning C4244: 'argument' : conversion from 'int' to 'float', possible loss of data
     1>c:\users\administrator\documents\github\vvvvvv\vvvvvv\level.cpp(88): warning C4244: 'argument' : conversion from 'int' to 'float', possible loss of data
     1>c:\users\administrator\documents\github\vvvvvv\vvvvvv\level.cpp(90): warning C4244: 'argument' : conversion from 'int' to 'float', possible loss of data
     1>c:\users\administrator\documents\github\vvvvvv\vvvvvv\level.cpp(92): warning C4244: 'argument' : conversion from 'int' to 'float', possible loss of data
     1>c:\users\administrator\documents\github\vvvvvv\vvvvvv\level.cpp(94): warning C4244: 'argument' : conversion from 'int' to 'float', possible loss of data
     1>c:\users\administrator\documents\github\vvvvvv\vvvvvv\level.cpp(96): warning C4244: 'argument' : conversion from 'int' to 'float', possible loss of data
     1>c:\users\administrator\documents\github\vvvvvv\vvvvvv\level.cpp(98): warning C4244: 'argument' : conversion from 'int' to 'float', possible loss of data
     1>c:\users\administrator\documents\github\vvvvvv\vvvvvv\level.cpp(100): warning C4244: 'argument' : conversion from 'int' to 'float', possible loss of data
     1>c:\users\administrator\documents\github\vvvvvv\vvvvvv\level.cpp(102): warning C4244: 'argument' : conversion from 'int' to 'float', possible loss of data
     1>c:\users\administrator\documents\github\vvvvvv\vvvvvv\level.cpp(104): warning C4244: 'argument' : conversion from 'int' to 'float', possible loss of data
     1>c:\users\administrator\documents\github\vvvvvv\vvvvvv\level.cpp(106): warning C4244: 'argument' : conversion from 'int' to 'float', possible loss of data
     1>c:\users\administrator\documents\github\vvvvvv\vvvvvv\level.cpp(108): warning C4244: 'argument' : conversion from 'int' to 'float', possible loss of data
     1>c:\users\administrator\documents\github\vvvvvv\vvvvvv\level.cpp(110): warning C4244: 'argument' : conversion from 'int' to 'float', possible loss of data
     1>c:\users\administrator\documents\github\vvvvvv\vvvvvv\level.cpp(112): warning C4244: 'argument' : conversion from 'int' to 'float', possible loss of data
     1>c:\users\administrator\documents\github\vvvvvv\vvvvvv\level.cpp(114): warning C4244: 'argument' : conversion from 'int' to 'float', possible loss of data
     1>c:\users\administrator\documents\github\vvvvvv\vvvvvv\level.cpp(116): warning C4244: 'argument' : conversion from 'int' to 'float', possible loss of data
     1>c:\users\administrator\documents\github\vvvvvv\vvvvvv\level.cpp(118): warning C4244: 'argument' : conversion from 'int' to 'float', possible loss of data
     1>c:\users\administrator\documents\github\vvvvvv\vvvvvv\level.cpp(120): warning C4244: 'argument' : conversion from 'int' to 'float', possible loss of data
     1>c:\users\administrator\documents\github\vvvvvv\vvvvvv\level.cpp(122): warning C4244: 'argument' : conversion from 'int' to 'float', possible loss of data
     1>c:\users\administrator\documents\github\vvvvvv\vvvvvv\level.cpp(124): warning C4244: 'argument' : conversion from 'int' to 'float', possible loss of data
     1>c:\users\administrator\documents\github\vvvvvv\vvvvvv\level.cpp(126): warning C4244: 'argument' : conversion from 'int' to 'float', possible loss of data
     1>c:\users\administrator\documents\github\vvvvvv\vvvvvv\level.cpp(128): warning C4244: 'argument' : conversion from 'int' to 'float', possible loss of data
     1>c:\users\administrator\documents\github\vvvvvv\vvvvvv\level.cpp(130): warning C4244: 'argument' : conversion from 'int' to 'float', possible loss of data
     1>c:\users\administrator\documents\github\vvvvvv\vvvvvv\level.cpp(132): warning C4244: 'argument' : conversion from 'int' to 'float', possible loss of data
     1>c:\users\administrator\documents\github\vvvvvv\vvvvvv\level.cpp(134): warning C4244: 'argument' : conversion from 'int' to 'float', possible loss of data
     1>c:\users\administrator\documents\github\vvvvvv\vvvvvv\level.cpp(136): warning C4244: 'argument' : conversion from 'int' to 'float', possible loss of data
     1>c:\users\administrator\documents\github\vvvvvv\vvvvvv\level.cpp(138): warning C4244: 'argument' : conversion from 'int' to 'float', possible loss of data
     1>c:\users\administrator\documents\github\vvvvvv\vvvvvv\level.cpp(140): warning C4244: 'argument' : conversion from 'int' to 'float', possible loss of data
     1>c:\users\administrator\documents\github\vvvvvv\vvvvvv\level.cpp(142): warning C4244: 'argument' : conversion from 'int' to 'float', possible loss of data
     1>c:\users\administrator\documents\github\vvvvvv\vvvvvv\level.cpp(144): warning C4244: 'argument' : conversion from 'int' to 'float', possible loss of data
     1>c:\users\administrator\documents\github\vvvvvv\vvvvvv\level.cpp(146): warning C4244: 'argument' : conversion from 'int' to 'float', possible loss of data
     1>c:\users\administrator\documents\github\vvvvvv\vvvvvv\level.cpp(148): warning C4244: 'argument' : conversion from 'int' to 'float', possible loss of data
     1>c:\users\administrator\documents\github\vvvvvv\vvvvvv\level.cpp(150): warning C4244: 'argument' : conversion from 'int' to 'float', possible loss of data
     1>c:\users\administrator\documents\github\vvvvvv\vvvvvv\level.cpp(152): warning C4244: 'argument' : conversion from 'int' to 'float', possible loss of data
     1>c:\users\administrator\documents\github\vvvvvv\vvvvvv\level.cpp(154): warning C4244: 'argument' : conversion from 'int' to 'float', possible loss of data
     1>c:\users\administrator\documents\github\vvvvvv\vvvvvv\level.cpp(156): warning C4244: 'argument' : conversion from 'int' to 'float', possible loss of data
     1>c:\users\administrator\documents\github\vvvvvv\vvvvvv\level.cpp(158): warning C4244: 'argument' : conversion from 'int' to 'float', possible loss of data
     1>c:\users\administrator\documents\github\vvvvvv\vvvvvv\level.cpp(160): warning C4244: 'argument' : conversion from 'int' to 'float', possible loss of data
     1>c:\users\administrator\documents\github\vvvvvv\vvvvvv\level.cpp(162): warning C4244: 'argument' : conversion from 'int' to 'float', possible loss of data
     1>c:\users\administrator\documents\github\vvvvvv\vvvvvv\level.cpp(164): warning C4244: 'argument' : conversion from 'int' to 'float', possible loss of data
     1>c:\users\administrator\documents\github\vvvvvv\vvvvvv\level.cpp(166): warning C4244: 'argument' : conversion from 'int' to 'float', possible loss of data
     1>c:\users\administrator\documents\github\vvvvvv\vvvvvv\level.cpp(168): warning C4244: 'argument' : conversion from 'int' to 'float', possible loss of data
     1>c:\users\administrator\documents\github\vvvvvv\vvvvvv\level.cpp(170): warning C4244: 'argument' : conversion from 'int' to 'float', possible loss of data
     1>c:\users\administrator\documents\github\vvvvvv\vvvvvv\level.cpp(172): warning C4244: 'argument' : conversion from 'int' to 'float', possible loss of data
     1>c:\users\administrator\documents\github\vvvvvv\vvvvvv\level.cpp(174): warning C4244: 'argument' : conversion from 'int' to 'float', possible loss of data
     1>c:\users\administrator\documents\github\vvvvvv\vvvvvv\level.cpp(715): warning C4244: '+=' : conversion from 'float' to 'int', possible loss of data
     1>c:\users\administrator\documents\github\vvvvvv\vvvvvv\level.cpp(719): warning C4244: 'argument' : conversion from 'int' to 'float', possible loss of data
     1>c:\users\administrator\documents\github\vvvvvv\vvvvvv\level.cpp(720): warning C4244: 'argument' : conversion from 'int' to 'float', possible loss of data
     1>c:\users\administrator\documents\github\vvvvvv\vvvvvv\level.cpp(724): warning C4244: 'argument' : conversion from 'int' to 'float', possible loss of data
     1>c:\users\administrator\documents\github\vvvvvv\vvvvvv\level.cpp(729): warning C4244: 'argument' : conversion from 'int' to 'float', possible loss of data
     1>c:\users\administrator\documents\github\vvvvvv\vvvvvv\level.cpp(733): warning C4244: 'argument' : conversion from 'int' to 'float', possible loss of data
     1>c:\users\administrator\documents\github\vvvvvv\vvvvvv\level.cpp(742): warning C4244: 'argument' : conversion from 'unsigned int' to 'float', possible loss of data
         Game.cpp
     1>c:\users\administrator\documents\github\vvvvvv\vvvvvv\game.cpp(47): warning C4244: 'argument' : conversion from 'double' to 'float', possible loss of data
     1>c:\users\administrator\documents\github\vvvvvv\vvvvvv\game.cpp(71): warning C4244: 'argument' : conversion from 'int' to 'float', possible loss of data
     1>c:\users\administrator\documents\github\vvvvvv\vvvvvv\game.cpp(98): warning C4244: 'argument' : conversion from 'unsigned int' to 'float', possible loss of data
     1>c:\users\administrator\documents\github\vvvvvv\vvvvvv\game.cpp(99): warning C4244: 'argument' : conversion from 'unsigned int' to 'float', possible loss of data
     1>c:\users\administrator\documents\github\vvvvvv\vvvvvv\game.cpp(147): warning C4244: 'argument' : conversion from 'int' to 'float', possible loss of data
         Disc.cpp
         Check.cpp
         Character.cpp
     1>c:\users\administrator\documents\github\vvvvvv\vvvvvv\character.cpp(83): warning C4244: 'argument' : conversion from 'int' to 'float', possible loss of data
     1>c:\users\administrator\documents\github\vvvvvv\vvvvvv\character.cpp(108): warning C4244: 'argument' : conversion from 'double' to 'float', possible loss of data
     1>c:\users\administrator\documents\github\vvvvvv\vvvvvv\character.cpp(108): warning C4244: 'argument' : conversion from 'int' to 'float', possible loss of data
     1>c:\users\administrator\documents\github\vvvvvv\vvvvvv\character.cpp(125): warning C4244: 'argument' : conversion from 'double' to 'float', possible loss of data
     1>c:\users\administrator\documents\github\vvvvvv\vvvvvv\character.cpp(125): warning C4244: 'argument' : conversion from 'int' to 'float', possible loss of data
     1>c:\users\administrator\documents\github\vvvvvv\vvvvvv\character.cpp(127): warning C4244: 'argument' : conversion from 'double' to 'float', possible loss of data
     1>c:\users\administrator\documents\github\vvvvvv\vvvvvv\character.cpp(132): warning C4244: 'argument' : conversion from 'int' to 'float', possible loss of data
         Block.cpp
     1>c:\users\administrator\documents\github\vvvvvv\vvvvvv\block.cpp(16): warning C4244: 'argument' : conversion from 'int' to 'float', possible loss of data
         Generating Code...
       Link:
         C:\Program Files (x86)\Microsoft Visual Studio 12.0\VC\bin\link.exe /ERRORREPORT:PROMPT /OUT:"C:\Users\administrator\Documents\GitHub\VVVVVV\Debug\VVVVVV.exe" /INCREMENTAL /NOLOGO /LIBPATH:"C:\SFML-2.2\lib" "sfml-graphics-s-d.lib" "sfml-window-s-d.lib" "sfml-system-s-d.lib" glew.lib freetype.lib jpeg.lib opengl32.lib winmm.lib kernel32.lib user32.lib gdi32.lib winspool.lib comdlg32.lib advapi32.lib shell32.lib ole32.lib oleaut32.lib uuid.lib odbc32.lib odbccp32.lib /MANIFEST /MANIFESTUAC:"level='asInvoker' uiAccess='false'" /manifest:embed /DEBUG /PDB:"C:\Users\administrator\Documents\GitHub\VVVVVV\Debug\VVVVVV.pdb" /SUBSYSTEM:CONSOLE /TLBID:1 /DYNAMICBASE /NXCOMPAT /IMPLIB:"C:\Users\administrator\Documents\GitHub\VVVVVV\Debug\VVVVVV.lib" /MACHINE:X86 Debug\Block.obj
         Debug\Character.obj
         Debug\Check.obj
         Debug\Disc.obj
         Debug\Game.obj
         Debug\Level.obj
         Debug\Object.obj
         Debug\Spike.obj
         Debug\stdafx.obj
         Debug\Terminal.obj
         Debug\VVVVVV.obj
     1>sfml-graphics-s-d.lib(BlendMode.cpp.obj) : warning LNK4099: PDB 'vc120.pdb' was not found with 'sfml-graphics-s-d.lib(BlendMode.cpp.obj)' or at 'C:\Users\administrator\Documents\GitHub\VVVVVV\Debug\vc120.pdb'; linking object as if no debug info
     1>sfml-graphics-s-d.lib(Color.cpp.obj) : warning LNK4099: PDB 'vc120.pdb' was not found with 'sfml-graphics-s-d.lib(Color.cpp.obj)' or at 'C:\Users\administrator\Documents\GitHub\VVVVVV\Debug\vc120.pdb'; linking object as if no debug info
     1>sfml-graphics-s-d.lib(Font.cpp.obj) : warning LNK4099: PDB 'vc120.pdb' was not found with 'sfml-graphics-s-d.lib(Font.cpp.obj)' or at 'C:\Users\administrator\Documents\GitHub\VVVVVV\Debug\vc120.pdb'; linking object as if no debug info
     1>sfml-graphics-s-d.lib(GLCheck.cpp.obj) : warning LNK4099: PDB 'vc120.pdb' was not found with 'sfml-graphics-s-d.lib(GLCheck.cpp.obj)' or at 'C:\Users\administrator\Documents\GitHub\VVVVVV\Debug\vc120.pdb'; linking object as if no debug info
     1>sfml-graphics-s-d.lib(GLExtensions.cpp.obj) : warning LNK4099: PDB 'vc120.pdb' was not found with 'sfml-graphics-s-d.lib(GLExtensions.cpp.obj)' or at 'C:\Users\administrator\Documents\GitHub\VVVVVV\Debug\vc120.pdb'; linking object as if no debug info
     1>sfml-graphics-s-d.lib(Image.cpp.obj) : warning LNK4099: PDB 'vc120.pdb' was not found with 'sfml-graphics-s-d.lib(Image.cpp.obj)' or at 'C:\Users\administrator\Documents\GitHub\VVVVVV\Debug\vc120.pdb'; linking object as if no debug info
     1>sfml-graphics-s-d.lib(ImageLoader.cpp.obj) : warning LNK4099: PDB 'vc120.pdb' was not found with 'sfml-graphics-s-d.lib(ImageLoader.cpp.obj)' or at 'C:\Users\administrator\Documents\GitHub\VVVVVV\Debug\vc120.pdb'; linking object as if no debug info
     1>sfml-graphics-s-d.lib(RenderStates.cpp.obj) : warning LNK4099: PDB 'vc120.pdb' was not found with 'sfml-graphics-s-d.lib(RenderStates.cpp.obj)' or at 'C:\Users\administrator\Documents\GitHub\VVVVVV\Debug\vc120.pdb'; linking object as if no debug info
     1>sfml-graphics-s-d.lib(RenderTarget.cpp.obj) : warning LNK4099: PDB 'vc120.pdb' was not found with 'sfml-graphics-s-d.lib(RenderTarget.cpp.obj)' or at 'C:\Users\administrator\Documents\GitHub\VVVVVV\Debug\vc120.pdb'; linking object as if no debug info
     1>sfml-graphics-s-d.lib(RenderWindow.cpp.obj) : warning LNK4099: PDB 'vc120.pdb' was not found with 'sfml-graphics-s-d.lib(RenderWindow.cpp.obj)' or at 'C:\Users\administrator\Documents\GitHub\VVVVVV\Debug\vc120.pdb'; linking object as if no debug info
     1>sfml-graphics-s-d.lib(Shader.cpp.obj) : warning LNK4099: PDB 'vc120.pdb' was not found with 'sfml-graphics-s-d.lib(Shader.cpp.obj)' or at 'C:\Users\administrator\Documents\GitHub\VVVVVV\Debug\vc120.pdb'; linking object as if no debug info
     1>sfml-graphics-s-d.lib(Texture.cpp.obj) : warning LNK4099: PDB 'vc120.pdb' was not found with 'sfml-graphics-s-d.lib(Texture.cpp.obj)' or at 'C:\Users\administrator\Documents\GitHub\VVVVVV\Debug\vc120.pdb'; linking object as if no debug info
     1>sfml-graphics-s-d.lib(TextureSaver.cpp.obj) : warning LNK4099: PDB 'vc120.pdb' was not found with 'sfml-graphics-s-d.lib(TextureSaver.cpp.obj)' or at 'C:\Users\administrator\Documents\GitHub\VVVVVV\Debug\vc120.pdb'; linking object as if no debug info
     1>sfml-graphics-s-d.lib(Transform.cpp.obj) : warning LNK4099: PDB 'vc120.pdb' was not found with 'sfml-graphics-s-d.lib(Transform.cpp.obj)' or at 'C:\Users\administrator\Documents\GitHub\VVVVVV\Debug\vc120.pdb'; linking object as if no debug info
     1>sfml-graphics-s-d.lib(Transformable.cpp.obj) : warning LNK4099: PDB 'vc120.pdb' was not found with 'sfml-graphics-s-d.lib(Transformable.cpp.obj)' or at 'C:\Users\administrator\Documents\GitHub\VVVVVV\Debug\vc120.pdb'; linking object as if no debug info
     1>sfml-graphics-s-d.lib(View.cpp.obj) : warning LNK4099: PDB 'vc120.pdb' was not found with 'sfml-graphics-s-d.lib(View.cpp.obj)' or at 'C:\Users\administrator\Documents\GitHub\VVVVVV\Debug\vc120.pdb'; linking object as if no debug info
     1>sfml-graphics-s-d.lib(Vertex.cpp.obj) : warning LNK4099: PDB 'vc120.pdb' was not found with 'sfml-graphics-s-d.lib(Vertex.cpp.obj)' or at 'C:\Users\administrator\Documents\GitHub\VVVVVV\Debug\vc120.pdb'; linking object as if no debug info
     1>sfml-graphics-s-d.lib(Shape.cpp.obj) : warning LNK4099: PDB 'vc120.pdb' was not found with 'sfml-graphics-s-d.lib(Shape.cpp.obj)' or at 'C:\Users\administrator\Documents\GitHub\VVVVVV\Debug\vc120.pdb'; linking object as if no debug info
     1>sfml-graphics-s-d.lib(RectangleShape.cpp.obj) : warning LNK4099: PDB 'vc120.pdb' was not found with 'sfml-graphics-s-d.lib(RectangleShape.cpp.obj)' or at 'C:\Users\administrator\Documents\GitHub\VVVVVV\Debug\vc120.pdb'; linking object as if no debug info
     1>sfml-graphics-s-d.lib(Sprite.cpp.obj) : warning LNK4099: PDB 'vc120.pdb' was not found with 'sfml-graphics-s-d.lib(Sprite.cpp.obj)' or at 'C:\Users\administrator\Documents\GitHub\VVVVVV\Debug\vc120.pdb'; linking object as if no debug info
     1>sfml-graphics-s-d.lib(Text.cpp.obj) : warning LNK4099: PDB 'vc120.pdb' was not found with 'sfml-graphics-s-d.lib(Text.cpp.obj)' or at 'C:\Users\administrator\Documents\GitHub\VVVVVV\Debug\vc120.pdb'; linking object as if no debug info
     1>sfml-graphics-s-d.lib(VertexArray.cpp.obj) : warning LNK4099: PDB 'vc120.pdb' was not found with 'sfml-graphics-s-d.lib(VertexArray.cpp.obj)' or at 'C:\Users\administrator\Documents\GitHub\VVVVVV\Debug\vc120.pdb'; linking object as if no debug info
     1>sfml-window-s-d.lib(Context.cpp.obj) : warning LNK4099: PDB 'vc120.pdb' was not found with 'sfml-window-s-d.lib(Context.cpp.obj)' or at 'C:\Users\administrator\Documents\GitHub\VVVVVV\Debug\vc120.pdb'; linking object as if no debug info
     1>sfml-window-s-d.lib(GlContext.cpp.obj) : warning LNK4099: PDB 'vc120.pdb' was not found with 'sfml-window-s-d.lib(GlContext.cpp.obj)' or at 'C:\Users\administrator\Documents\GitHub\VVVVVV\Debug\vc120.pdb'; linking object as if no debug info
     1>sfml-window-s-d.lib(GlResource.cpp.obj) : warning LNK4099: PDB 'vc120.pdb' was not found with 'sfml-window-s-d.lib(GlResource.cpp.obj)' or at 'C:\Users\administrator\Documents\GitHub\VVVVVV\Debug\vc120.pdb'; linking object as if no debug info
     1>sfml-window-s-d.lib(Joystick.cpp.obj) : warning LNK4099: PDB 'vc120.pdb' was not found with 'sfml-window-s-d.lib(Joystick.cpp.obj)' or at 'C:\Users\administrator\Documents\GitHub\VVVVVV\Debug\vc120.pdb'; linking object as if no debug info
     1>sfml-window-s-d.lib(JoystickManager.cpp.obj) : warning LNK4099: PDB 'vc120.pdb' was not found with 'sfml-window-s-d.lib(JoystickManager.cpp.obj)' or at 'C:\Users\administrator\Documents\GitHub\VVVVVV\Debug\vc120.pdb'; linking object as if no debug info
     1>sfml-window-s-d.lib(Keyboard.cpp.obj) : warning LNK4099: PDB 'vc120.pdb' was not found with 'sfml-window-s-d.lib(Keyboard.cpp.obj)' or at 'C:\Users\administrator\Documents\GitHub\VVVVVV\Debug\vc120.pdb'; linking object as if no debug info
     1>sfml-window-s-d.lib(SensorManager.cpp.obj) : warning LNK4099: PDB 'vc120.pdb' was not found with 'sfml-window-s-d.lib(SensorManager.cpp.obj)' or at 'C:\Users\administrator\Documents\GitHub\VVVVVV\Debug\vc120.pdb'; linking object as if no debug info
     1>sfml-window-s-d.lib(VideoMode.cpp.obj) : warning LNK4099: PDB 'vc120.pdb' was not found with 'sfml-window-s-d.lib(VideoMode.cpp.obj)' or at 'C:\Users\administrator\Documents\GitHub\VVVVVV\Debug\vc120.pdb'; linking object as if no debug info
     1>sfml-window-s-d.lib(Window.cpp.obj) : warning LNK4099: PDB 'vc120.pdb' was not found with 'sfml-window-s-d.lib(Window.cpp.obj)' or at 'C:\Users\administrator\Documents\GitHub\VVVVVV\Debug\vc120.pdb'; linking object as if no debug info
     1>sfml-window-s-d.lib(WindowImpl.cpp.obj) : warning LNK4099: PDB 'vc120.pdb' was not found with 'sfml-window-s-d.lib(WindowImpl.cpp.obj)' or at 'C:\Users\administrator\Documents\GitHub\VVVVVV\Debug\vc120.pdb'; linking object as if no debug info
     1>sfml-window-s-d.lib(WglContext.cpp.obj) : warning LNK4099: PDB 'vc120.pdb' was not found with 'sfml-window-s-d.lib(WglContext.cpp.obj)' or at 'C:\Users\administrator\Documents\GitHub\VVVVVV\Debug\vc120.pdb'; linking object as if no debug info
     1>sfml-window-s-d.lib(InputImpl.cpp.obj) : warning LNK4099: PDB 'vc120.pdb' was not found with 'sfml-window-s-d.lib(InputImpl.cpp.obj)' or at 'C:\Users\administrator\Documents\GitHub\VVVVVV\Debug\vc120.pdb'; linking object as if no debug info
     1>sfml-window-s-d.lib(JoystickImpl.cpp.obj) : warning LNK4099: PDB 'vc120.pdb' was not found with 'sfml-window-s-d.lib(JoystickImpl.cpp.obj)' or at 'C:\Users\administrator\Documents\GitHub\VVVVVV\Debug\vc120.pdb'; linking object as if no debug info
     1>sfml-window-s-d.lib(SensorImpl.cpp.obj) : warning LNK4099: PDB 'vc120.pdb' was not found with 'sfml-window-s-d.lib(SensorImpl.cpp.obj)' or at 'C:\Users\administrator\Documents\GitHub\VVVVVV\Debug\vc120.pdb'; linking object as if no debug info
     1>sfml-window-s-d.lib(VideoModeImpl.cpp.obj) : warning LNK4099: PDB 'vc120.pdb' was not found with 'sfml-window-s-d.lib(VideoModeImpl.cpp.obj)' or at 'C:\Users\administrator\Documents\GitHub\VVVVVV\Debug\vc120.pdb'; linking object as if no debug info
     1>sfml-window-s-d.lib(WindowImplWin32.cpp.obj) : warning LNK4099: PDB 'vc120.pdb' was not found with 'sfml-window-s-d.lib(WindowImplWin32.cpp.obj)' or at 'C:\Users\administrator\Documents\GitHub\VVVVVV\Debug\vc120.pdb'; linking object as if no debug info
     1>sfml-system-s-d.lib(Clock.cpp.obj) : warning LNK4099: PDB 'vc120.pdb' was not found with 'sfml-system-s-d.lib(Clock.cpp.obj)' or at 'C:\Users\administrator\Documents\GitHub\VVVVVV\Debug\vc120.pdb'; linking object as if no debug info
     1>sfml-system-s-d.lib(Err.cpp.obj) : warning LNK4099: PDB 'vc120.pdb' was not found with 'sfml-system-s-d.lib(Err.cpp.obj)' or at 'C:\Users\administrator\Documents\GitHub\VVVVVV\Debug\vc120.pdb'; linking object as if no debug info
     1>sfml-system-s-d.lib(Lock.cpp.obj) : warning LNK4099: PDB 'vc120.pdb' was not found with 'sfml-system-s-d.lib(Lock.cpp.obj)' or at 'C:\Users\administrator\Documents\GitHub\VVVVVV\Debug\vc120.pdb'; linking object as if no debug info
     1>sfml-system-s-d.lib(Mutex.cpp.obj) : warning LNK4099: PDB 'vc120.pdb' was not found with 'sfml-system-s-d.lib(Mutex.cpp.obj)' or at 'C:\Users\administrator\Documents\GitHub\VVVVVV\Debug\vc120.pdb'; linking object as if no debug info
     1>sfml-system-s-d.lib(Sleep.cpp.obj) : warning LNK4099: PDB 'vc120.pdb' was not found with 'sfml-system-s-d.lib(Sleep.cpp.obj)' or at 'C:\Users\administrator\Documents\GitHub\VVVVVV\Debug\vc120.pdb'; linking object as if no debug info
     1>sfml-system-s-d.lib(String.cpp.obj) : warning LNK4099: PDB 'vc120.pdb' was not found with 'sfml-system-s-d.lib(String.cpp.obj)' or at 'C:\Users\administrator\Documents\GitHub\VVVVVV\Debug\vc120.pdb'; linking object as if no debug info
     1>sfml-system-s-d.lib(ThreadLocal.cpp.obj) : warning LNK4099: PDB 'vc120.pdb' was not found with 'sfml-system-s-d.lib(ThreadLocal.cpp.obj)' or at 'C:\Users\administrator\Documents\GitHub\VVVVVV\Debug\vc120.pdb'; linking object as if no debug info
     1>sfml-system-s-d.lib(Time.cpp.obj) : warning LNK4099: PDB 'vc120.pdb' was not found with 'sfml-system-s-d.lib(Time.cpp.obj)' or at 'C:\Users\administrator\Documents\GitHub\VVVVVV\Debug\vc120.pdb'; linking object as if no debug info
     1>sfml-system-s-d.lib(ClockImpl.cpp.obj) : warning LNK4099: PDB 'vc120.pdb' was not found with 'sfml-system-s-d.lib(ClockImpl.cpp.obj)' or at 'C:\Users\administrator\Documents\GitHub\VVVVVV\Debug\vc120.pdb'; linking object as if no debug info
     1>sfml-system-s-d.lib(MutexImpl.cpp.obj) : warning LNK4099: PDB 'vc120.pdb' was not found with 'sfml-system-s-d.lib(MutexImpl.cpp.obj)' or at 'C:\Users\administrator\Documents\GitHub\VVVVVV\Debug\vc120.pdb'; linking object as if no debug info
     1>sfml-system-s-d.lib(SleepImpl.cpp.obj) : warning LNK4099: PDB 'vc120.pdb' was not found with 'sfml-system-s-d.lib(SleepImpl.cpp.obj)' or at 'C:\Users\administrator\Documents\GitHub\VVVVVV\Debug\vc120.pdb'; linking object as if no debug info
     1>sfml-system-s-d.lib(ThreadLocalImpl.cpp.obj) : warning LNK4099: PDB 'vc120.pdb' was not found with 'sfml-system-s-d.lib(ThreadLocalImpl.cpp.obj)' or at 'C:\Users\administrator\Documents\GitHub\VVVVVV\Debug\vc120.pdb'; linking object as if no debug info
         VVVVVV.vcxproj -> C:\Users\administrator\Documents\GitHub\VVVVVV\Debug\VVVVVV.exe
     1>Done Building Project "C:\Users\administrator\Documents\GitHub\VVVVVV\VVVVVV\VVVVVV.vcxproj" (Build target(s)).

Build succeeded.

Time Elapsed 00:00:12.35
